  BSPTree.cpp
  BVH.cpp
  Camera.cpp
  CubeMapTexture.cpp
  Face.cpp
  HalfEdge.cpp
  MeshRenderer.cpp
  GFX.cpp
  Light.cpp
  Main.cpp
  Support.cpp
  EulerAngles.cpp
  EulerOrder.cpp
  MathFunctions.cpp
  Matrix2.cpp
  Matrix3.cpp
  Matrix4.cpp
  Quaternion.cpp
  Reals.cpp
  Utilities.cpp
  Compiling...
  Vector2.cpp
  Vector3.cpp
  Vector4.cpp
  Mesh.cpp
  MeshFactory.cpp
  Octree.cpp
  Shader.cpp
  Spherical.cpp
  Texture.cpp
  tgaimage.cpp
D:\Spatial_partitioning\Spatial_partitioning\Spatial_Partitioning\TGA\tgaimage.cpp(24,9): warning C4002: too many arguments for function-like macro invocation 'assert'
D:\Spatial_partitioning\Spatial_partitioning\Spatial_Partitioning\TGA\tgaimage.cpp(27,9): warning C4002: too many arguments for function-like macro invocation 'assert'
D:\Spatial_partitioning\Spatial_partitioning\Spatial_Partitioning\TGA\tgaimage.cpp(39,9): warning C4002: too many arguments for function-like macro invocation 'assert'
D:\Spatial_partitioning\Spatial_partitioning\Spatial_Partitioning\TGA\tgaimage.cpp(87,9): warning C4002: too many arguments for function-like macro invocation 'assert'
D:\Spatial_partitioning\Spatial_partitioning\Spatial_Partitioning\TGA\tgaimage.cpp(91,9): warning C4002: too many arguments for function-like macro invocation 'assert'
D:\Spatial_partitioning\Spatial_partitioning\Spatial_Partitioning\TGA\tgaimage.cpp(116,35): warning C4018: '<': signed/unsigned mismatch
D:\Spatial_partitioning\Spatial_partitioning\Spatial_Partitioning\TGA\tgaimage.cpp(132,35): warning C4018: '<': signed/unsigned mismatch
D:\Spatial_partitioning\Spatial_partitioning\Spatial_Partitioning\TGA\tgaimage.cpp(134,43): warning C4018: '<': signed/unsigned mismatch
  Transform.cpp
  Vertex.cpp
  Generating code
  1849 of 1872 functions (98.8%) were compiled, the rest were copied from previous compilation.
    46 functions were new in current compilation
    2 functions had inline decision re-evaluated but remain unchanged
  Finished generating code
  Spatial_Partitioning.vcxproj -> D:\Spatial_partitioning\Spatial_partitioning\Release\Spatial_Partitioning.exe
          1개 파일이 복사되었습니다.
          1개 파일이 복사되었습니다.
          1개 파일이 복사되었습니다.
